2018.05.13 10:59:28 Andrey: clone
2018.05.13 10:59:58 Andrey: clone
2018.05.13 10:59:58 Andrey: add
2018.05.13 11:00:15 Andrey: clone
2018.05.13 11:00:15 Andrey: add
2018.05.13 11:15:30 Andrey: clone
2018.05.13 11:15:30 Andrey: add
2018.05.13 11:15:34 Andrey: add
2018.05.13 11:16:10 Andrey: clone
2018.05.13 11:16:11 Andrey: add
2018.05.13 11:16:12 Andrey: log
2018.05.13 11:16:26 Andrey: clone
2018.05.13 11:16:26 Andrey: add
2018.05.13 11:16:26 Andrey: log
2018.05.13 11:38:52 Andrey: clone
2018.05.13 11:38:52 Andrey: add
2018.05.13 11:38:52 Andrey: log
2018.05.13 11:39:16 Andrey: clone
2018.05.13 11:39:16 Andrey: add
2018.05.13 11:39:16 Andrey: log
2018.05.13 11:39:34 Andrey: clone
2018.05.13 11:39:34 Andrey: add
2018.05.13 11:39:34 Andrey: log
2018.05.13 11:40:22 Andrey: clone
2018.05.13 11:40:22 Andrey: add
2018.05.13 11:40:22 Andrey: log
2018.05.13 11:40:25 Andrey: commit 2files
2018.05.13 11:40:44 Andrey: clone
2018.05.13 11:40:45 Andrey: add
2018.05.13 11:40:45 Andrey: log
2018.05.13 11:40:45 Andrey: commit 2files
2018.05.14 12:39:38 Andrey: clone
2018.05.14 12:39:38 Andrey: add
2018.05.14 12:39:38 Andrey: log
2018.05.14 12:40:53 Andrey: clone
2018.05.14 12:40:53 Andrey: add
2018.05.14 12:40:53 Andrey: log
2018.05.14 12:41:30 Andrey: clone
2018.05.14 12:41:30 Andrey: add
2018.05.14 12:41:30 Andrey: log
2018.05.14 12:43:02 Andrey: clone
2018.05.14 12:43:02 Andrey: add
2018.05.14 12:43:02 Andrey: log
2018.05.14 12:43:05 Andrey: commit 2files
2018.05.14 12:43:19 Andrey: commit 2files
2018.05.14 12:44:27 Andrey: clone
2018.05.14 12:44:27 Andrey: add
2018.05.14 12:44:27 Andrey: log
2018.05.14 12:44:30 Andrey: commit 2files
2018.05.14 12:44:36 Andrey: revert 1.2
2018.05.14 12:45:20 Andrey: clone
2018.05.14 12:45:20 Andrey: add
2018.05.14 12:45:20 Andrey: log
2018.05.14 12:45:23 Andrey: commit 2files
2018.05.14 12:54:10 Andrey: clone
2018.05.14 12:54:10 Andrey: add
2018.05.14 12:54:10 Andrey: log
2018.05.14 12:54:10 Andrey: commit 0 files
2018.05.14 01:06:05 Andrey: log
2018.05.14 01:06:14 Andrey: commit 0 files
2018.05.14 01:06:58 Andrey: log
2018.05.14 01:06:58 Andrey: commit 0 files
2018.05.14 01:06:58 Andrey: revert 1.3
2018.05.14 04:12:49 Andrey: log
2018.05.14 04:17:12 Andrey: log
2018.05.14 04:24:51 Andrey: log
2018.05.14 03:32:16 Andrey: clone
2018.05.14 03:32:22 Andrey: add
2018.05.14 03:32:25 Andrey: commit 0 files
2018.05.14 03:32:37 Andrey: log
2018.05.14 03:42:30 Andrey: log
2018.05.14 03:42:32 Andrey: add
2018.05.14 03:42:38 Andrey: commit 0 files
2018.05.14 04:07:46 Andrey: clone
2018.05.14 04:08:36 Andrey: add
2018.05.14 04:09:16 Andrey: add
2018.05.14 06:28:09 Andrey: clone
2018.05.14 06:28:39 Andrey: clone
2018.05.14 06:30:38 Andrey: clone
2018.05.14 06:31:05 Andrey: clone
2018.05.14 06:49:26 Andrey: clone
2018.05.14 06:50:08 Andrey: clone
2018.05.14 06:53:03 Andrey: clone
